<?xml version="1.0" encoding="UTF-8"?>
<testsuite xmlns:xsi="http://www.w3.org/2001/XMLSchema-instance" xsi:noNamespaceSchemaLocation="https://maven.apache.org/surefire/maven-surefire-plugin/xsd/surefire-test-report.xsd" name="com.srmsolutions.repos.EventRepositoryTest" time="0.023" tests="5" errors="0" skipped="0" failures="0">
  <properties>
[...]
</properties>
  <testcase name="testSaveManyGetAll" classname="com.srmsolutions.repos.EventRepositoryTest" time="0.001"/>
  <testcase name="testSavedUpdatesObject" classname="com.srmsolutions.repos.EventRepositoryTest" time="0.002"/>
  <testcase name="testFindByID" classname="com.srmsolutions.repos.EventRepositoryTest" time="0.003"/>
  <testcase name="testSaveOneGetAll" classname="com.srmsolutions.repos.EventRepositoryTest" time="0.002"/>
  <testcase name="testDelete" classname="com.srmsolutions.repos.EventRepositoryTest" time="0.015"/>
</testsuite>